\BOOKMARK [1][-]{section*.4}{List of Figures}{}% 1
\BOOKMARK [1][-]{section*.6}{List of Tables}{}% 2
\BOOKMARK [1][-]{section*.8}{List of Acronyms}{}% 3
\BOOKMARK [1][-]{section.1}{1 Introduction}{}% 4
\BOOKMARK [2][-]{subsection.1.1}{1.1 Background and Rationale}{section.1}% 5
\BOOKMARK [2][-]{subsection.1.2}{1.2 Research Objectives}{section.1}% 6
\BOOKMARK [2][-]{subsection.1.3}{1.3 Thesis Structure}{section.1}% 7
\BOOKMARK [1][-]{section.2}{2 Literature Review}{}% 8
\BOOKMARK [2][-]{subsection.2.1}{2.1 Theoretical Framework}{section.2}% 9
\BOOKMARK [2][-]{subsection.2.2}{2.2 Review of Related Work}{section.2}% 10
\BOOKMARK [2][-]{subsection.2.3}{2.3 Research Gap}{section.2}% 11
\BOOKMARK [1][-]{section.3}{3 Methodology}{}% 12
\BOOKMARK [2][-]{subsection.3.1}{3.1 Data Collection Methods}{section.3}% 13
\BOOKMARK [3][-]{subsubsection.3.1.1}{3.1.1 The Device}{subsection.3.1}% 14
\BOOKMARK [3][-]{subsubsection.3.1.2}{3.1.2 Procedure Details}{subsection.3.1}% 15
\BOOKMARK [3][-]{subsubsection.3.1.3}{3.1.3 Sequence Parameters and Reconstruction}{subsection.3.1}% 16
\BOOKMARK [2][-]{subsection.3.2}{3.2 Data Analysis}{section.3}% 17
\BOOKMARK [3][-]{subsubsection.3.2.1}{3.2.1 Segmentation}{subsection.3.2}% 18
\BOOKMARK [2][-]{subsection.3.3}{3.3 Validity and Reliability}{section.3}% 19
\BOOKMARK [1][-]{section.4}{4 Results}{}% 20
\BOOKMARK [2][-]{subsection.4.1}{4.1 Segmentation}{section.4}% 21
\BOOKMARK [2][-]{subsection.4.2}{4.2 Parameter Extraction}{section.4}% 22
\BOOKMARK [1][-]{section.5}{5 Discussion}{}% 23
\BOOKMARK [2][-]{subsection.5.1}{5.1 Technique Evaluation}{section.5}% 24
\BOOKMARK [2][-]{subsection.5.2}{5.2 Biomechanical Insights}{section.5}% 25
\BOOKMARK [2][-]{subsection.5.3}{5.3 Comparison with Existing Methods}{section.5}% 26
\BOOKMARK [1][-]{section.6}{6 Conclusion}{}% 27
\BOOKMARK [2][-]{subsection.6.1}{6.1 Summary of Contributions}{section.6}% 28
\BOOKMARK [2][-]{subsection.6.2}{6.2 Limitations and Challenges}{section.6}% 29
\BOOKMARK [2][-]{subsection.6.3}{6.3 Future Work}{section.6}% 30
\BOOKMARK [1][-]{section*.10}{References}{}% 31
\BOOKMARK [1][-]{appendix.A}{A Appendix}{}% 32
